<?xml version="1.0" encoding="utf-8"?>
<?AutomationStudio Version="4.5.2.102"?>
<Objects>
  <Object
    Path="C:\projects\KRBO-02-16\TEST NA LESHINOM COMPE\Logical\Package.pkg"
    LogicalPath=""
    Type="Package.ParentUnknown"
    LastWriteTime="132180958040000000" />
  <Object
    Path="C:\projects\KRBO-02-16\TEST NA LESHINOM COMPE\Logical\Global.typ"
    LogicalPath="Global.typ"
    Type="File"
    LastWriteTime="131224261960000000"
    Private="false" />
  <Object
    Path="C:\projects\KRBO-02-16\TEST NA LESHINOM COMPE\Logical\Global.var"
    LogicalPath="Global.var"
    Type="File"
    LastWriteTime="132194822440000000"
    Private="false" />
  <Object
    Path="C:\projects\KRBO-02-16\TEST NA LESHINOM COMPE\Logical\Libraries\Package.pkg"
    LogicalPath="Libraries"
    Type="Package"
    LastWriteTime="132180958040000000" />
  <Object
    Path="C:\projects\KRBO-02-16\TEST NA LESHINOM COMPE\Logical\Libraries\Runtime\Binary.lby"
    LogicalPath="Libraries.Runtime"
    Type="Library"
    LastWriteTime="131091259340000000" />
  <Object
    Path="C:\projects\KRBO-02-16\TEST NA LESHINOM COMPE\Logical\Libraries\Runtime\runtime.fun"
    LogicalPath="Libraries.Runtime.runtime.fun"
    Type="File"
    LastWriteTime="131091259340000000"
    Private="false" />
  <Object
    Path="C:\projects\KRBO-02-16\TEST NA LESHINOM COMPE\Logical\Libraries\Runtime\runtime.typ"
    LogicalPath="Libraries.Runtime.runtime.typ"
    Type="File"
    LastWriteTime="131091259340000000"
    Private="false" />
  <Object
    Path="C:\projects\KRBO-02-16\TEST NA LESHINOM COMPE\Logical\Libraries\Runtime\runtime.var"
    LogicalPath="Libraries.Runtime.runtime.var"
    Type="File"
    LastWriteTime="131091259340000000"
    Private="false" />
  <Object
    Path="C:\projects\KRBO-02-16\TEST NA LESHINOM COMPE\Logical\Libraries\Operator\Binary.lby"
    LogicalPath="Libraries.Operator"
    Type="Library"
    LastWriteTime="131091259340000000" />
  <Object
    Path="C:\projects\KRBO-02-16\TEST NA LESHINOM COMPE\Logical\Libraries\Operator\operator.fun"
    LogicalPath="Libraries.Operator.operator.fun"
    Type="File"
    LastWriteTime="131091259340000000"
    Private="false" />
  <Object
    Path="C:\projects\KRBO-02-16\TEST NA LESHINOM COMPE\Logical\Libraries\Operator\operator.typ"
    LogicalPath="Libraries.Operator.operator.typ"
    Type="File"
    LastWriteTime="131091259340000000"
    Private="false" />
  <Object
    Path="C:\projects\KRBO-02-16\TEST NA LESHINOM COMPE\Logical\Libraries\Operator\operator.var"
    LogicalPath="Libraries.Operator.operator.var"
    Type="File"
    LastWriteTime="131091259340000000"
    Private="false" />
  <Object
    Path="C:\projects\KRBO-02-16\TEST NA LESHINOM COMPE\Logical\Libraries\AsIecCon\Binary.lby"
    LogicalPath="Libraries.AsIecCon"
    Type="Library"
    LastWriteTime="131091259340000000" />
  <Object
    Path="C:\projects\KRBO-02-16\TEST NA LESHINOM COMPE\Logical\Libraries\AsIecCon\AsIecCon.fun"
    LogicalPath="Libraries.AsIecCon.AsIecCon.fun"
    Type="File"
    LastWriteTime="131091259340000000"
    Private="false" />
  <Object
    Path="C:\projects\KRBO-02-16\TEST NA LESHINOM COMPE\Logical\Libraries\AsIecCon\AsIecCon.typ"
    LogicalPath="Libraries.AsIecCon.AsIecCon.typ"
    Type="File"
    LastWriteTime="131091259340000000"
    Private="false" />
  <Object
    Path="C:\projects\KRBO-02-16\TEST NA LESHINOM COMPE\Logical\Libraries\AsIecCon\AsIecCon.var"
    LogicalPath="Libraries.AsIecCon.AsIecCon.var"
    Type="File"
    LastWriteTime="131091259340000000"
    Private="false" />
  <Object
    Path="C:\projects\KRBO-02-16\TEST NA LESHINOM COMPE\Logical\Libraries\astime\Binary.lby"
    LogicalPath="Libraries.astime"
    Type="Library"
    LastWriteTime="131091259340000000" />
  <Object
    Path="C:\projects\KRBO-02-16\TEST NA LESHINOM COMPE\Logical\Libraries\astime\astime.fun"
    LogicalPath="Libraries.astime.astime.fun"
    Type="File"
    LastWriteTime="131091259340000000"
    Private="false" />
  <Object
    Path="C:\projects\KRBO-02-16\TEST NA LESHINOM COMPE\Logical\Libraries\astime\astime.typ"
    LogicalPath="Libraries.astime.astime.typ"
    Type="File"
    LastWriteTime="131091259340000000"
    Private="false" />
  <Object
    Path="C:\projects\KRBO-02-16\TEST NA LESHINOM COMPE\Logical\Libraries\astime\astime.var"
    LogicalPath="Libraries.astime.astime.var"
    Type="File"
    LastWriteTime="131091259340000000"
    Private="false" />
  <Object
    Path="C:\projects\KRBO-02-16\TEST NA LESHINOM COMPE\Logical\Libraries\Acp10sdc\Binary.lby"
    LogicalPath="Libraries.Acp10sdc"
    Type="Library"
    LastWriteTime="131224285240000000" />
  <Object
    Path="C:\projects\KRBO-02-16\TEST NA LESHINOM COMPE\Logical\Libraries\Acp10sdc\acp10sdc.var"
    LogicalPath="Libraries.Acp10sdc.acp10sdc.var"
    Type="File"
    LastWriteTime="131224285240000000"
    Private="false" />
  <Object
    Path="C:\projects\KRBO-02-16\TEST NA LESHINOM COMPE\Logical\Libraries\Acp10sdc\acp10sdc.typ"
    LogicalPath="Libraries.Acp10sdc.acp10sdc.typ"
    Type="File"
    LastWriteTime="131224285240000000"
    Private="false" />
  <Object
    Path="C:\projects\KRBO-02-16\TEST NA LESHINOM COMPE\Logical\Libraries\Acp10man\Binary.lby"
    LogicalPath="Libraries.Acp10man"
    Type="Library"
    LastWriteTime="131224285260000000" />
  <Object
    Path="C:\projects\KRBO-02-16\TEST NA LESHINOM COMPE\Logical\Libraries\Acp10man\Acp10man.typ"
    LogicalPath="Libraries.Acp10man.Acp10man.typ"
    Type="File"
    LastWriteTime="131224285260000000"
    Private="false" />
  <Object
    Path="C:\projects\KRBO-02-16\TEST NA LESHINOM COMPE\Logical\Libraries\Acp10par\Binary.lby"
    LogicalPath="Libraries.Acp10par"
    Type="Library"
    LastWriteTime="131224285260000000" />
  <Object
    Path="C:\projects\KRBO-02-16\TEST NA LESHINOM COMPE\Logical\Libraries\Acp10par\Acp10par.var"
    LogicalPath="Libraries.Acp10par.Acp10par.var"
    Type="File"
    LastWriteTime="131224285260000000"
    Private="false" />
  <Object
    Path="C:\projects\KRBO-02-16\TEST NA LESHINOM COMPE\Logical\Libraries\NcGlobal\Binary.lby"
    LogicalPath="Libraries.NcGlobal"
    Type="Library"
    LastWriteTime="131224285260000000" />
  <Object
    Path="C:\projects\KRBO-02-16\TEST NA LESHINOM COMPE\Logical\Libraries\NcGlobal\NcGlobal.fun"
    LogicalPath="Libraries.NcGlobal.NcGlobal.fun"
    Type="File"
    LastWriteTime="131224285260000000"
    Private="false" />
  <Object
    Path="C:\projects\KRBO-02-16\TEST NA LESHINOM COMPE\Logical\Libraries\NcGlobal\NcGlobal.typ"
    LogicalPath="Libraries.NcGlobal.NcGlobal.typ"
    Type="File"
    LastWriteTime="131224285260000000"
    Private="false" />
  <Object
    Path="C:\projects\KRBO-02-16\TEST NA LESHINOM COMPE\Logical\Libraries\NcGlobal\NcGlobal.var"
    LogicalPath="Libraries.NcGlobal.NcGlobal.var"
    Type="File"
    LastWriteTime="131224285260000000"
    Private="false" />
  <Object
    Path="C:\projects\KRBO-02-16\TEST NA LESHINOM COMPE\Logical\Libraries\asstring\Binary.lby"
    LogicalPath="Libraries.asstring"
    Type="Library"
    LastWriteTime="131224301840000000" />
  <Object
    Path="C:\projects\KRBO-02-16\TEST NA LESHINOM COMPE\Logical\Libraries\asstring\asstring.fun"
    LogicalPath="Libraries.asstring.asstring.fun"
    Type="File"
    LastWriteTime="131224301840000000"
    Private="false" />
  <Object
    Path="C:\projects\KRBO-02-16\TEST NA LESHINOM COMPE\Logical\Libraries\asstring\asstring.typ"
    LogicalPath="Libraries.asstring.asstring.typ"
    Type="File"
    LastWriteTime="131224301840000000"
    Private="false" />
  <Object
    Path="C:\projects\KRBO-02-16\TEST NA LESHINOM COMPE\Logical\Libraries\asstring\asstring.var"
    LogicalPath="Libraries.asstring.asstring.var"
    Type="File"
    LastWriteTime="131224301840000000"
    Private="false" />
  <Object
    Path="C:\projects\KRBO-02-16\TEST NA LESHINOM COMPE\Logical\Libraries\AsIOTime\Binary.lby"
    LogicalPath="Libraries.AsIOTime"
    Type="Library"
    LastWriteTime="131224302000000000" />
  <Object
    Path="C:\projects\KRBO-02-16\TEST NA LESHINOM COMPE\Logical\Libraries\AsIOTime\AsIOTime.fun"
    LogicalPath="Libraries.AsIOTime.AsIOTime.fun"
    Type="File"
    LastWriteTime="131224302000000000"
    Private="false" />
  <Object
    Path="C:\projects\KRBO-02-16\TEST NA LESHINOM COMPE\Logical\Libraries\AsIOTime\AsIOTime.typ"
    LogicalPath="Libraries.AsIOTime.AsIOTime.typ"
    Type="File"
    LastWriteTime="131224302000000000"
    Private="false" />
  <Object
    Path="C:\projects\KRBO-02-16\TEST NA LESHINOM COMPE\Logical\Libraries\AsIOTime\AsIOTime.var"
    LogicalPath="Libraries.AsIOTime.AsIOTime.var"
    Type="File"
    LastWriteTime="131224302000000000"
    Private="false" />
  <Object
    Path="C:\projects\KRBO-02-16\TEST NA LESHINOM COMPE\Logical\Libraries\Acp10_MC\Binary.lby"
    LogicalPath="Libraries.Acp10_MC"
    Type="Library"
    LastWriteTime="131224326300000000" />
  <Object
    Path="C:\projects\KRBO-02-16\TEST NA LESHINOM COMPE\Logical\Libraries\Acp10_MC\acp10_mc.fun"
    LogicalPath="Libraries.Acp10_MC.acp10_mc.fun"
    Type="File"
    LastWriteTime="131224326300000000"
    Private="false" />
  <Object
    Path="C:\projects\KRBO-02-16\TEST NA LESHINOM COMPE\Logical\Libraries\Acp10_MC\acp10_mc.typ"
    LogicalPath="Libraries.Acp10_MC.acp10_mc.typ"
    Type="File"
    LastWriteTime="131224326300000000"
    Private="false" />
  <Object
    Path="C:\projects\KRBO-02-16\TEST NA LESHINOM COMPE\Logical\Libraries\Acp10_MC\acp10_mc.var"
    LogicalPath="Libraries.Acp10_MC.acp10_mc.var"
    Type="File"
    LastWriteTime="131224326300000000"
    Private="false" />
  <Object
    Path="C:\projects\KRBO-02-16\TEST NA LESHINOM COMPE\Logical\Libraries\brsystem\Binary.lby"
    LogicalPath="Libraries.brsystem"
    Type="Library"
    LastWriteTime="131224326320000000" />
  <Object
    Path="C:\projects\KRBO-02-16\TEST NA LESHINOM COMPE\Logical\Libraries\brsystem\brsystem.fun"
    LogicalPath="Libraries.brsystem.brsystem.fun"
    Type="File"
    LastWriteTime="131224326320000000"
    Private="false" />
  <Object
    Path="C:\projects\KRBO-02-16\TEST NA LESHINOM COMPE\Logical\Libraries\brsystem\brsystem.typ"
    LogicalPath="Libraries.brsystem.brsystem.typ"
    Type="File"
    LastWriteTime="131224326320000000"
    Private="false" />
  <Object
    Path="C:\projects\KRBO-02-16\TEST NA LESHINOM COMPE\Logical\Libraries\brsystem\brsystem.var"
    LogicalPath="Libraries.brsystem.brsystem.var"
    Type="File"
    LastWriteTime="131224326320000000"
    Private="false" />
  <Object
    Path="C:\projects\KRBO-02-16\TEST NA LESHINOM COMPE\Logical\Libraries\sys_lib\Binary.lby"
    LogicalPath="Libraries.sys_lib"
    Type="Library"
    LastWriteTime="131224326320000000" />
  <Object
    Path="C:\projects\KRBO-02-16\TEST NA LESHINOM COMPE\Logical\Libraries\sys_lib\sys_lib.fun"
    LogicalPath="Libraries.sys_lib.sys_lib.fun"
    Type="File"
    LastWriteTime="131224326320000000"
    Private="false" />
  <Object
    Path="C:\projects\KRBO-02-16\TEST NA LESHINOM COMPE\Logical\Libraries\sys_lib\sys_lib.typ"
    LogicalPath="Libraries.sys_lib.sys_lib.typ"
    Type="File"
    LastWriteTime="131224326320000000"
    Private="false" />
  <Object
    Path="C:\projects\KRBO-02-16\TEST NA LESHINOM COMPE\Logical\Libraries\sys_lib\sys_lib.var"
    LogicalPath="Libraries.sys_lib.sys_lib.var"
    Type="File"
    LastWriteTime="131224326320000000"
    Private="false" />
  <Object
    Path="C:\projects\KRBO-02-16\TEST NA LESHINOM COMPE\Logical\Libraries\Acp10sim\Binary.lby"
    LogicalPath="Libraries.Acp10sim"
    Type="Library"
    LastWriteTime="131224326480000000" />
  <Object
    Path="C:\projects\KRBO-02-16\TEST NA LESHINOM COMPE\Logical\Libraries\Acp10sim\acp10sim.var"
    LogicalPath="Libraries.Acp10sim.acp10sim.var"
    Type="File"
    LastWriteTime="131224326480000000"
    Private="false" />
  <Object
    Path="C:\projects\KRBO-02-16\TEST NA LESHINOM COMPE\Logical\Libraries\Acp10sim\acp10sim.typ"
    LogicalPath="Libraries.Acp10sim.acp10sim.typ"
    Type="File"
    LastWriteTime="131224326480000000"
    Private="false" />
  <Object
    Path="C:\projects\KRBO-02-16\TEST NA LESHINOM COMPE\Logical\Libraries\Library\ANSIC.lby"
    LogicalPath="Libraries.Library"
    Type="Library"
    LastWriteTime="132180945360000000" />
  <Object
    Path="C:\projects\KRBO-02-16\TEST NA LESHINOM COMPE\Logical\Libraries\Library\Library.fun"
    LogicalPath="Libraries.Library.Library.fun"
    Type="File"
    LastWriteTime="132197557640000000"
    Private="false" />
  <Object
    Path="C:\projects\KRBO-02-16\TEST NA LESHINOM COMPE\Logical\Libraries\Library\FB_Motor.c"
    LogicalPath="Libraries.Library.FB_Motor.c"
    Type="File"
    LastWriteTime="132193116680000000"
    Private="false" />
  <Object
    Path="C:\projects\KRBO-02-16\TEST NA LESHINOM COMPE\Logical\Libraries\Library\FB_Controller.c"
    LogicalPath="Libraries.Library.FB_Controller.c"
    Type="File"
    LastWriteTime="132180979600000000"
    Private="false" />
  <Object
    Path="C:\projects\KRBO-02-16\TEST NA LESHINOM COMPE\Logical\Libraries\Library\FB_Integrator.c"
    LogicalPath="Libraries.Library.FB_Integrator.c"
    Type="File"
    LastWriteTime="131248457340000000"
    Private="false" />
  <Object
    Path="C:\projects\KRBO-02-16\TEST NA LESHINOM COMPE\Logical\Libraries\Library\FB_Endswitch.c"
    LogicalPath="Libraries.Library.FB_Endswitch.c"
    Type="File"
    LastWriteTime="132191428840000000"
    Private="false" />
  <Object
    Path="C:\projects\KRBO-02-16\TEST NA LESHINOM COMPE\Logical\Libraries\Library\FB_Axis.c"
    LogicalPath="Libraries.Library.FB_Axis.c"
    Type="File"
    LastWriteTime="132197754790825242"
    Private="false" />
  <Object
    Path="C:\projects\KRBO-02-16\TEST NA LESHINOM COMPE\Logical\Libraries\Library\FB_Regulator.c"
    LogicalPath="Libraries.Library.FB_Regulator.c"
    Type="File"
    LastWriteTime="132180979600000000"
    Private="false" />
  <Object
    Path="C:\projects\KRBO-02-16\TEST NA LESHINOM COMPE\Logical\Libraries\AsMath\Binary.lby"
    LogicalPath="Libraries.AsMath"
    Type="Library"
    LastWriteTime="131250397000000000" />
  <Object
    Path="C:\projects\KRBO-02-16\TEST NA LESHINOM COMPE\Logical\Libraries\AsMath\AsMath.fun"
    LogicalPath="Libraries.AsMath.AsMath.fun"
    Type="File"
    LastWriteTime="131250397000000000"
    Private="false" />
  <Object
    Path="C:\projects\KRBO-02-16\TEST NA LESHINOM COMPE\Logical\Libraries\AsMath\AsMath.typ"
    LogicalPath="Libraries.AsMath.AsMath.typ"
    Type="File"
    LastWriteTime="131250397000000000"
    Private="false" />
  <Object
    Path="C:\projects\KRBO-02-16\TEST NA LESHINOM COMPE\Logical\Libraries\AsMath\AsMath.var"
    LogicalPath="Libraries.AsMath.AsMath.var"
    Type="File"
    LastWriteTime="131250397000000000"
    Private="false" />
  <Object
    Path="C:\projects\KRBO-02-16\TEST NA LESHINOM COMPE\Logical\Libraries\Arnc0man\Binary.lby"
    LogicalPath="Libraries.Arnc0man"
    Type="Library"
    LastWriteTime="131251001360000000" />
  <Object
    Path="C:\projects\KRBO-02-16\TEST NA LESHINOM COMPE\Logical\Libraries\Arnc0man\arnc0man.typ"
    LogicalPath="Libraries.Arnc0man.arnc0man.typ"
    Type="File"
    LastWriteTime="131251001360000000"
    Private="false" />
  <Object
    Path="C:\projects\KRBO-02-16\TEST NA LESHINOM COMPE\Logical\Libraries\DataObj\Binary.lby"
    LogicalPath="Libraries.DataObj"
    Type="Library"
    LastWriteTime="131251001360000000" />
  <Object
    Path="C:\projects\KRBO-02-16\TEST NA LESHINOM COMPE\Logical\Libraries\DataObj\DataObj.fun"
    LogicalPath="Libraries.DataObj.DataObj.fun"
    Type="File"
    LastWriteTime="131251001360000000"
    Private="false" />
  <Object
    Path="C:\projects\KRBO-02-16\TEST NA LESHINOM COMPE\Logical\Libraries\DataObj\DataObj.typ"
    LogicalPath="Libraries.DataObj.DataObj.typ"
    Type="File"
    LastWriteTime="131251001360000000"
    Private="false" />
  <Object
    Path="C:\projects\KRBO-02-16\TEST NA LESHINOM COMPE\Logical\Libraries\DataObj\DataObj.var"
    LogicalPath="Libraries.DataObj.DataObj.var"
    Type="File"
    LastWriteTime="131251001360000000"
    Private="false" />
  <Object
    Path="C:\projects\KRBO-02-16\TEST NA LESHINOM COMPE\Logical\Libraries\AsArLog\Binary.lby"
    LogicalPath="Libraries.AsArLog"
    Type="Library"
    LastWriteTime="131251001360000000" />
  <Object
    Path="C:\projects\KRBO-02-16\TEST NA LESHINOM COMPE\Logical\Libraries\AsArLog\AsArLog.fun"
    LogicalPath="Libraries.AsArLog.AsArLog.fun"
    Type="File"
    LastWriteTime="131251001360000000"
    Private="false" />
  <Object
    Path="C:\projects\KRBO-02-16\TEST NA LESHINOM COMPE\Logical\Libraries\AsArLog\AsArLog.typ"
    LogicalPath="Libraries.AsArLog.AsArLog.typ"
    Type="File"
    LastWriteTime="131251001360000000"
    Private="false" />
  <Object
    Path="C:\projects\KRBO-02-16\TEST NA LESHINOM COMPE\Logical\Libraries\AsArLog\AsArLog.var"
    LogicalPath="Libraries.AsArLog.AsArLog.var"
    Type="File"
    LastWriteTime="131251001360000000"
    Private="false" />
  <Object
    Path="C:\projects\KRBO-02-16\TEST NA LESHINOM COMPE\Logical\Libraries\FileIO\Binary.lby"
    LogicalPath="Libraries.FileIO"
    Type="Library"
    LastWriteTime="131251001380000000" />
  <Object
    Path="C:\projects\KRBO-02-16\TEST NA LESHINOM COMPE\Logical\Libraries\FileIO\FileIO.fun"
    LogicalPath="Libraries.FileIO.FileIO.fun"
    Type="File"
    LastWriteTime="131251001380000000"
    Private="false" />
  <Object
    Path="C:\projects\KRBO-02-16\TEST NA LESHINOM COMPE\Logical\Libraries\FileIO\FileIO.typ"
    LogicalPath="Libraries.FileIO.FileIO.typ"
    Type="File"
    LastWriteTime="131251001380000000"
    Private="false" />
  <Object
    Path="C:\projects\KRBO-02-16\TEST NA LESHINOM COMPE\Logical\Libraries\FileIO\FileIO.var"
    LogicalPath="Libraries.FileIO.FileIO.var"
    Type="File"
    LastWriteTime="131251001380000000"
    Private="false" />
  <Object
    Path="C:\projects\KRBO-02-16\TEST NA LESHINOM COMPE\Logical\Libraries\AsArProf\Binary.lby"
    LogicalPath="Libraries.AsArProf"
    Type="Library"
    LastWriteTime="131251001380000000" />
  <Object
    Path="C:\projects\KRBO-02-16\TEST NA LESHINOM COMPE\Logical\Libraries\AsArProf\AsArProf.fun"
    LogicalPath="Libraries.AsArProf.AsArProf.fun"
    Type="File"
    LastWriteTime="131251001380000000"
    Private="false" />
  <Object
    Path="C:\projects\KRBO-02-16\TEST NA LESHINOM COMPE\Logical\Libraries\AsArProf\AsArProf.typ"
    LogicalPath="Libraries.AsArProf.AsArProf.typ"
    Type="File"
    LastWriteTime="131251001380000000"
    Private="false" />
  <Object
    Path="C:\projects\KRBO-02-16\TEST NA LESHINOM COMPE\Logical\Libraries\AsArProf\AsArProf.var"
    LogicalPath="Libraries.AsArProf.AsArProf.var"
    Type="File"
    LastWriteTime="131251001380000000"
    Private="false" />
  <Object
    Path="C:\projects\KRBO-02-16\TEST NA LESHINOM COMPE\Logical\Libraries\AsMem\Binary.lby"
    LogicalPath="Libraries.AsMem"
    Type="Library"
    LastWriteTime="131251001380000000" />
  <Object
    Path="C:\projects\KRBO-02-16\TEST NA LESHINOM COMPE\Logical\Libraries\AsMem\AsMem.fun"
    LogicalPath="Libraries.AsMem.AsMem.fun"
    Type="File"
    LastWriteTime="131251001380000000"
    Private="false" />
  <Object
    Path="C:\projects\KRBO-02-16\TEST NA LESHINOM COMPE\Logical\Libraries\AsMem\AsMem.typ"
    LogicalPath="Libraries.AsMem.AsMem.typ"
    Type="File"
    LastWriteTime="131251001380000000"
    Private="false" />
  <Object
    Path="C:\projects\KRBO-02-16\TEST NA LESHINOM COMPE\Logical\Libraries\AsMem\AsMem.var"
    LogicalPath="Libraries.AsMem.AsMem.var"
    Type="File"
    LastWriteTime="131251001380000000"
    Private="false" />
  <Object
    Path="C:\projects\KRBO-02-16\TEST NA LESHINOM COMPE\Logical\Libraries\AsBrStr\binary.lby"
    LogicalPath="Libraries.AsBrStr"
    Type="Library"
    LastWriteTime="132180958040000000" />
  <Object
    Path="C:\projects\KRBO-02-16\TEST NA LESHINOM COMPE\Logical\Libraries\AsBrStr\AsBrStr.fun"
    LogicalPath="Libraries.AsBrStr.AsBrStr.fun"
    Type="File"
    LastWriteTime="132180958040000000"
    Private="false" />
  <Object
    Path="C:\projects\KRBO-02-16\TEST NA LESHINOM COMPE\Logical\Libraries\AsBrStr\AsBrStr.typ"
    LogicalPath="Libraries.AsBrStr.AsBrStr.typ"
    Type="File"
    LastWriteTime="132180958040000000"
    Private="false" />
  <Object
    Path="C:\projects\KRBO-02-16\TEST NA LESHINOM COMPE\Logical\Libraries\AsBrStr\AsBrStr.var"
    LogicalPath="Libraries.AsBrStr.AsBrStr.var"
    Type="File"
    LastWriteTime="132180958040000000"
    Private="false" />
  <Object
    Path="C:\projects\KRBO-02-16\TEST NA LESHINOM COMPE\Logical\AxisApt\Apt.dob"
    LogicalPath="AxisApt"
    Type="DataObject"
    LastWriteTime="131224308080000000" />
  <Object
    Path="C:\projects\KRBO-02-16\TEST NA LESHINOM COMPE\Logical\AxisApt\AcpParTab.apt"
    LogicalPath="AxisApt.AcpParTab.apt"
    Type="File"
    LastWriteTime="131378200740000000"
    Private="false" />
  <Object
    Path="C:\projects\KRBO-02-16\TEST NA LESHINOM COMPE\Logical\Types.typ"
    LogicalPath="Types.typ"
    Type="File"
    LastWriteTime="131238883520000000"
    Private="false" />
  <Object
    Path="C:\projects\KRBO-02-16\TEST NA LESHINOM COMPE\Logical\AxisInit\Ax.dob"
    LogicalPath="AxisInit"
    Type="DataObject"
    LastWriteTime="131224308580000000" />
  <Object
    Path="C:\projects\KRBO-02-16\TEST NA LESHINOM COMPE\Logical\AxisInit\AxInitAcp10.ax"
    LogicalPath="AxisInit.AxInitAcp10.ax"
    Type="File"
    LastWriteTime="132180869000000000"
    Private="false" />
  <Object
    Path="C:\projects\KRBO-02-16\TEST NA LESHINOM COMPE\Logical\acp10etxen\Ett.dob"
    LogicalPath="acp10etxen"
    Type="DataObject"
    LastWriteTime="131224326260000000" />
  <Object
    Path="C:\projects\KRBO-02-16\TEST NA LESHINOM COMPE\Logical\acp10etxen\acp10etxen.ett"
    LogicalPath="acp10etxen.acp10etxen.ett"
    Type="File"
    LastWriteTime="131224326260000000"
    Private="false" />
  <Object
    Path="C:\projects\KRBO-02-16\TEST NA LESHINOM COMPE\Logical\gAxis03obj\Package.pkg"
    LogicalPath="gAxis03obj"
    Type="Package"
    LastWriteTime="131485391820000000" />
  <Object
    Path="C:\projects\KRBO-02-16\TEST NA LESHINOM COMPE\Logical\gAxis03obj\gAxis03a\Apt.dob"
    LogicalPath="gAxis03obj.gAxis03a"
    Type="DataObject"
    LastWriteTime="131485391820000000" />
  <Object
    Path="C:\projects\KRBO-02-16\TEST NA LESHINOM COMPE\Logical\gAxis03obj\gAxis03a\gAxis03a.apt"
    LogicalPath="gAxis03obj.gAxis03a.gAxis03a.apt"
    Type="File"
    LastWriteTime="131485391820000000"
    Private="false" />
  <Object
    Path="C:\projects\KRBO-02-16\TEST NA LESHINOM COMPE\Logical\gAxis03obj\gAxis03i\Ax.dob"
    LogicalPath="gAxis03obj.gAxis03i"
    Type="DataObject"
    LastWriteTime="131485391820000000" />
  <Object
    Path="C:\projects\KRBO-02-16\TEST NA LESHINOM COMPE\Logical\gAxis03obj\gAxis03i\gAxis03i.ax"
    LogicalPath="gAxis03obj.gAxis03i.gAxis03i.ax"
    Type="File"
    LastWriteTime="132198610026972196"
    Private="false" />
  <Object
    Path="C:\projects\KRBO-02-16\TEST NA LESHINOM COMPE\Logical\SDCAxisCtrl_X\ANSIC.prg"
    LogicalPath="SDCAxisCtrl_X"
    Type="Program"
    LastWriteTime="131266027720000000" />
  <Object
    Path="C:\projects\KRBO-02-16\TEST NA LESHINOM COMPE\Logical\SDCAxisCtrl_X\Main.c"
    LogicalPath="SDCAxisCtrl_X.Main.c"
    Type="File"
    LastWriteTime="132198603511047382"
    Private="false" />
  <Object
    Path="C:\projects\KRBO-02-16\TEST NA LESHINOM COMPE\Logical\SDCAxisCtrl_X\Variables.var"
    LogicalPath="SDCAxisCtrl_X.Variables.var"
    Type="File"
    LastWriteTime="132197736823309032"
    Private="true" />
  <Object
    Path="C:\projects\KRBO-02-16\TEST NA LESHINOM COMPE\Logical\ncsdcctrl\IEC.prg"
    LogicalPath="ncsdcctrl"
    Type="Program"
    LastWriteTime="132180958000000000" />
  <Object
    Path="C:\projects\KRBO-02-16\TEST NA LESHINOM COMPE\Logical\ncsdcctrl\ncsdcctrlCyclic.st"
    LogicalPath="ncsdcctrl.ncsdcctrlCyclic.st"
    Type="File"
    LastWriteTime="132180958020000000"
    Private="false" />
  <Object
    Path="C:\projects\KRBO-02-16\TEST NA LESHINOM COMPE\Logical\ncsdcctrl\ncsdcctrlInit.st"
    LogicalPath="ncsdcctrl.ncsdcctrlInit.st"
    Type="File"
    LastWriteTime="132180958020000000"
    Private="false" />
  <Object
    Path="C:\projects\KRBO-02-16\TEST NA LESHINOM COMPE\Logical\ncsdcctrl\ncsdcctrl.typ"
    LogicalPath="ncsdcctrl.ncsdcctrl.typ"
    Type="File"
    LastWriteTime="132180958020000000"
    Private="true" />
  <Object
    Path="C:\projects\KRBO-02-16\TEST NA LESHINOM COMPE\Logical\ncsdcctrl\ncsdcctrl.var"
    LogicalPath="ncsdcctrl.ncsdcctrl.var"
    Type="File"
    LastWriteTime="132180958560000000"
    Private="true" />
  <Object
    Path="C:\projects\KRBO-02-16\TEST NA LESHINOM COMPE\Logical\gAxis05obj\Package.pkg"
    LogicalPath="gAxis05obj"
    Type="Package"
    LastWriteTime="132180958120000000" />
  <Object
    Path="C:\projects\KRBO-02-16\TEST NA LESHINOM COMPE\Logical\gAxis05obj\gAxis05a\Apt.dob"
    LogicalPath="gAxis05obj.gAxis05a"
    Type="DataObject"
    LastWriteTime="132180958040000000" />
  <Object
    Path="C:\projects\KRBO-02-16\TEST NA LESHINOM COMPE\Logical\gAxis05obj\gAxis05a\gAxis05a.apt"
    LogicalPath="gAxis05obj.gAxis05a.gAxis05a.apt"
    Type="File"
    LastWriteTime="132180958040000000"
    Private="false" />
  <Object
    Path="C:\projects\KRBO-02-16\TEST NA LESHINOM COMPE\Logical\gAxis05obj\gAxis05i\Ax.dob"
    LogicalPath="gAxis05obj.gAxis05i"
    Type="DataObject"
    LastWriteTime="132180958120000000" />
  <Object
    Path="C:\projects\KRBO-02-16\TEST NA LESHINOM COMPE\Logical\gAxis05obj\gAxis05i\gAxis05i.ax"
    LogicalPath="gAxis05obj.gAxis05i.gAxis05i.ax"
    Type="File"
    LastWriteTime="132180958120000000"
    Private="false" />
  <Object
    Path="C:\projects\KRBO-02-16\TEST NA LESHINOM COMPE\Physical\Real\Config.pkg"
    LogicalPath="Real"
    Type="Configuration.ParentUnknown"
    LastWriteTime="131265787000000000" />
  <Object
    Path="C:\projects\KRBO-02-16\TEST NA LESHINOM COMPE\Physical\Real\Hardware.hw"
    LogicalPath="Real.Hardware.hw"
    Type="File"
    LastWriteTime="132197527200000000"
    Private="false" />
  <Object
    Path="C:\projects\KRBO-02-16\TEST NA LESHINOM COMPE\Physical\Real\Hardware.hwl"
    LogicalPath="Real.Hardware.hwl"
    Type="File"
    LastWriteTime="132180955040000000"
    Private="false" />
  <Object
    Path="C:\projects\KRBO-02-16\TEST NA LESHINOM COMPE\Physical\Real\4PP065_0571_P74\Cpu.pkg"
    LogicalPath="Real.4PP065_0571_P74"
    Type="Cpu"
    LastWriteTime="132193110300000000" />
  <Object
    Path="C:\projects\KRBO-02-16\TEST NA LESHINOM COMPE\Physical\Real\4PP065_0571_P74\Cpu.sw"
    LogicalPath="Real.4PP065_0571_P74.Cpu.sw"
    Type="File"
    LastWriteTime="131485391860000000"
    Private="false" />
  <Object
    Path="C:\projects\KRBO-02-16\TEST NA LESHINOM COMPE\Physical\Real\4PP065_0571_P74\Cpu.per"
    LogicalPath="Real.4PP065_0571_P74.Cpu.per"
    Type="File"
    LastWriteTime="131248494520000000"
    Private="false" />
  <Object
    Path="C:\projects\KRBO-02-16\TEST NA LESHINOM COMPE\Physical\Real\4PP065_0571_P74\IoMap.iom"
    LogicalPath="Real.4PP065_0571_P74.IoMap.iom"
    Type="File"
    LastWriteTime="132197532140000000"
    Private="false" />
  <Object
    Path="C:\projects\KRBO-02-16\TEST NA LESHINOM COMPE\Physical\Real\4PP065_0571_P74\PvMap.vvm"
    LogicalPath="Real.4PP065_0571_P74.PvMap.vvm"
    Type="File"
    LastWriteTime="131248494520000000"
    Private="false" />
  <Object
    Path="C:\projects\KRBO-02-16\TEST NA LESHINOM COMPE\Physical\Real\4PP065_0571_P74\mapp\Package.pkg"
    LogicalPath="Real.4PP065_0571_P74.mapp"
    Type="Package"
    LastWriteTime="131248494520000000" />
  <Object
    Path="C:\projects\KRBO-02-16\TEST NA LESHINOM COMPE\Physical\Real\4PP065_0571_P74\Connectivity\Package.pkg"
    LogicalPath="Real.4PP065_0571_P74.Connectivity"
    Type="Package"
    LastWriteTime="131248494520000000" />
  <Object
    Path="C:\projects\KRBO-02-16\TEST NA LESHINOM COMPE\Physical\Real\4PP065_0571_P74\Connectivity\OpcUA\Package.pkg"
    LogicalPath="Real.4PP065_0571_P74.Connectivity.OpcUA"
    Type="Package"
    LastWriteTime="131248494520000000" />
  <Object
    Path="C:\projects\KRBO-02-16\TEST NA LESHINOM COMPE\Physical\Real\4PP065_0571_P74\TextSystem\Package.pkg"
    LogicalPath="Real.4PP065_0571_P74.TextSystem"
    Type="Package"
    LastWriteTime="131248494520000000" />
  <Object
    Path="C:\projects\KRBO-02-16\TEST NA LESHINOM COMPE\Physical\Real\4PP065_0571_P74\AccessAndSecurity\Package.pkg"
    LogicalPath="Real.4PP065_0571_P74.AccessAndSecurity"
    Type="Package"
    LastWriteTime="131248494520000000" />
  <Object
    Path="C:\projects\KRBO-02-16\TEST NA LESHINOM COMPE\Physical\Real\4PP065_0571_P74\AccessAndSecurity\UserRoleSystem\Package.pkg"
    LogicalPath="Real.4PP065_0571_P74.AccessAndSecurity.UserRoleSystem"
    Type="Package"
    LastWriteTime="131248494520000000" />
  <Object
    Path="C:\projects\KRBO-02-16\TEST NA LESHINOM COMPE\Physical\Real\4PP065_0571_P74\AccessAndSecurity\UserRoleSystem\Role.role"
    LogicalPath="Real.4PP065_0571_P74.AccessAndSecurity.UserRoleSystem.Role.role"
    Type="File"
    LastWriteTime="131248494520000000"
    Private="false" />
  <Object
    Path="C:\projects\KRBO-02-16\TEST NA LESHINOM COMPE\Physical\Real\4PP065_0571_P74\AccessAndSecurity\UserRoleSystem\User.user"
    LogicalPath="Real.4PP065_0571_P74.AccessAndSecurity.UserRoleSystem.User.user"
    Type="File"
    LastWriteTime="131248494520000000"
    Private="false" />
  <Object
    Path="C:\projects\KRBO-02-16\TEST NA LESHINOM COMPE\Physical\Real\4PP065_0571_P74\AccessAndSecurity\CertificateStore\Package.pkg"
    LogicalPath="Real.4PP065_0571_P74.AccessAndSecurity.CertificateStore"
    Type="Package"
    LastWriteTime="131248494520000000" />
  <Object
    Path="C:\projects\KRBO-02-16\TEST NA LESHINOM COMPE\Physical\Real\4PP065_0571_P74\AccessAndSecurity\CertificateStore\OwnCertificates\Package.pkg"
    LogicalPath="Real.4PP065_0571_P74.AccessAndSecurity.CertificateStore.OwnCertificates"
    Type="Package"
    LastWriteTime="131248494520000000" />
  <Object
    Path="C:\projects\KRBO-02-16\TEST NA LESHINOM COMPE\Physical\Real\4PP065_0571_P74\AccessAndSecurity\CertificateStore\OwnCertificates\Certificates\Package.pkg"
    LogicalPath="Real.4PP065_0571_P74.AccessAndSecurity.CertificateStore.OwnCertificates.Certificates"
    Type="Package"
    LastWriteTime="131248494520000000" />
  <Object
    Path="C:\projects\KRBO-02-16\TEST NA LESHINOM COMPE\Physical\Real\4PP065_0571_P74\AccessAndSecurity\CertificateStore\OwnCertificates\PrivateKeys\Package.pkg"
    LogicalPath="Real.4PP065_0571_P74.AccessAndSecurity.CertificateStore.OwnCertificates.PrivateKeys"
    Type="Package"
    LastWriteTime="131248494520000000" />
  <Object
    Path="C:\projects\KRBO-02-16\TEST NA LESHINOM COMPE\Physical\Real\4PP065_0571_P74\AccessAndSecurity\CertificateStore\ThirdPartyCertificates\Package.pkg"
    LogicalPath="Real.4PP065_0571_P74.AccessAndSecurity.CertificateStore.ThirdPartyCertificates"
    Type="Package"
    LastWriteTime="131248494520000000" />
  <Object
    Path="C:\projects\KRBO-02-16\TEST NA LESHINOM COMPE\Physical\Real\4PP065_0571_P74\AccessAndSecurity\CertificateStore\ThirdPartyCertificates\SoftwareCertificates\Package.pkg"
    LogicalPath="Real.4PP065_0571_P74.AccessAndSecurity.CertificateStore.ThirdPartyCertificates.SoftwareCertificates"
    Type="Package"
    LastWriteTime="131248494520000000" />
  <Object
    Path="C:\projects\KRBO-02-16\TEST NA LESHINOM COMPE\Physical\Real\4PP065_0571_P74\AccessAndSecurity\CertificateStore\CertificateRevocationLists\Package.pkg"
    LogicalPath="Real.4PP065_0571_P74.AccessAndSecurity.CertificateStore.CertificateRevocationLists"
    Type="Package"
    LastWriteTime="131248494520000000" />
  <Object
    Path="C:\projects\KRBO-02-16\TEST NA LESHINOM COMPE\Physical\Real\4PP065_0571_P74\AccessAndSecurity\CertificateStore\CertificateSigningRequests\Package.pkg"
    LogicalPath="Real.4PP065_0571_P74.AccessAndSecurity.CertificateStore.CertificateSigningRequests"
    Type="Package"
    LastWriteTime="131248494520000000" />
  <Object
    Path="C:\projects\KRBO-02-16\TEST NA LESHINOM COMPE\Physical\Real\4PP065_0571_P74\AccessAndSecurity\TransportLayerSecurity\Package.pkg"
    LogicalPath="Real.4PP065_0571_P74.AccessAndSecurity.TransportLayerSecurity"
    Type="Package"
    LastWriteTime="131248494520000000" />
  <Object
    Path="C:\projects\KRBO-02-16\TEST NA LESHINOM COMPE\Physical\Real\4PP065_0571_P74\Motion\Package.pkg"
    LogicalPath="Real.4PP065_0571_P74.Motion"
    Type="Package"
    LastWriteTime="131251001480000000" />
  <Object
    Path="C:\projects\KRBO-02-16\TEST NA LESHINOM COMPE\Physical\Real\4PP065_0571_P74\Motion\Acp10map.ncm"
    LogicalPath="Real.4PP065_0571_P74.Motion.Acp10map.ncm"
    Type="File"
    LastWriteTime="131265791560000000"
    Private="false" />
  <Object
    Path="C:\projects\KRBO-02-16\TEST NA LESHINOM COMPE\Physical\Real\4PP065_0571_P74\Motion\Acp10cfg.ncc"
    LogicalPath="Real.4PP065_0571_P74.Motion.Acp10cfg.ncc"
    Type="File"
    LastWriteTime="131248616780000000"
    Private="false" />
  <Object
    Path="C:\projects\KRBO-02-16\TEST NA LESHINOM COMPE\Physical\Real\4PP065_0571_P74\Motion\Acp10map1.ncm"
    LogicalPath="Real.4PP065_0571_P74.Motion.Acp10map1.ncm"
    Type="File"
    LastWriteTime="132180869000000000"
    Private="false" />
  <Object
    Path="C:\projects\KRBO-02-16\TEST NA LESHINOM COMPE\Physical\Real\4PP065_0571_P74\Motion\Arnc0cfg.ncc"
    LogicalPath="Real.4PP065_0571_P74.Motion.Arnc0cfg.ncc"
    Type="File"
    LastWriteTime="131251001480000000"
    Private="false" />
  <Object
    Path="C:\projects\KRBO-02-16\TEST NA LESHINOM COMPE\Physical\Real\4PP065_0571_P74\Motion\Arnc0map.ncm"
    LogicalPath="Real.4PP065_0571_P74.Motion.Arnc0map.ncm"
    Type="File"
    LastWriteTime="131265789920000000"
    Private="false" />
  <Object
    Path="C:\projects\KRBO-02-16\TEST NA LESHINOM COMPE\Logical\Libraries\Arnc0man\SG4\Arnc0sys.br"
    LogicalPath="Real.4PP065_0571_P74.Motion.Arnc0sys.br"
    Type="File"
    LastWriteTime="131026401940000000"
    Private="false" />
  <Object
    Path="C:\projects\KRBO-02-16\TEST NA LESHINOM COMPE\Physical\Real\Hardware.jpg"
    LogicalPath="Real.Hardware.jpg"
    Type="File"
    LastWriteTime="132180955760000000"
    Private="false" />
</Objects>