<?xml version="1.0" encoding="utf-8"?>
<?AutomationStudio Version="4.5.2.102"?>
<Objects>
  <Object
    Path="D:\LABA1\LABA_1_true\Logical\Package.pkg"
    LogicalPath=""
    Type="Package.ParentUnknown"
    LastWriteTime="132125145780000000" />
  <Object
    Path="D:\LABA1\LABA_1_true\Logical\Global.typ"
    LogicalPath="Global.typ"
    Type="File"
    LastWriteTime="132125145780000000"
    Private="false" />
  <Object
    Path="D:\LABA1\LABA_1_true\Logical\Global.var"
    LogicalPath="Global.var"
    Type="File"
    LastWriteTime="132125145780000000"
    Private="false" />
  <Object
    Path="D:\LABA1\LABA_1_true\Logical\Libraries\Package.pkg"
    LogicalPath="Libraries"
    Type="Package"
    LastWriteTime="132125148500000000" />
  <Object
    Path="D:\LABA1\LABA_1_true\Logical\Libraries\operator\binary.lby"
    LogicalPath="Libraries.operator"
    Type="Library"
    LastWriteTime="132125145780000000" />
  <Object
    Path="D:\LABA1\LABA_1_true\Logical\Libraries\operator\operator.fun"
    LogicalPath="Libraries.operator.operator.fun"
    Type="File"
    LastWriteTime="132125145780000000"
    Private="false" />
  <Object
    Path="D:\LABA1\LABA_1_true\Logical\Libraries\operator\operator.typ"
    LogicalPath="Libraries.operator.operator.typ"
    Type="File"
    LastWriteTime="132125145780000000"
    Private="false" />
  <Object
    Path="D:\LABA1\LABA_1_true\Logical\Libraries\operator\operator.var"
    LogicalPath="Libraries.operator.operator.var"
    Type="File"
    LastWriteTime="132125145780000000"
    Private="false" />
  <Object
    Path="D:\LABA1\LABA_1_true\Logical\Libraries\runtime\binary.lby"
    LogicalPath="Libraries.runtime"
    Type="Library"
    LastWriteTime="132125145800000000" />
  <Object
    Path="D:\LABA1\LABA_1_true\Logical\Libraries\runtime\runtime.fun"
    LogicalPath="Libraries.runtime.runtime.fun"
    Type="File"
    LastWriteTime="132125145780000000"
    Private="false" />
  <Object
    Path="D:\LABA1\LABA_1_true\Logical\Libraries\runtime\runtime.typ"
    LogicalPath="Libraries.runtime.runtime.typ"
    Type="File"
    LastWriteTime="132125145800000000"
    Private="false" />
  <Object
    Path="D:\LABA1\LABA_1_true\Logical\Libraries\runtime\runtime.var"
    LogicalPath="Libraries.runtime.runtime.var"
    Type="File"
    LastWriteTime="132125145800000000"
    Private="false" />
  <Object
    Path="D:\LABA1\LABA_1_true\Logical\Libraries\astime\binary.lby"
    LogicalPath="Libraries.astime"
    Type="Library"
    LastWriteTime="132125145820000000" />
  <Object
    Path="D:\LABA1\LABA_1_true\Logical\Libraries\astime\astime.fun"
    LogicalPath="Libraries.astime.astime.fun"
    Type="File"
    LastWriteTime="132125145820000000"
    Private="false" />
  <Object
    Path="D:\LABA1\LABA_1_true\Logical\Libraries\astime\astime.typ"
    LogicalPath="Libraries.astime.astime.typ"
    Type="File"
    LastWriteTime="132125145820000000"
    Private="false" />
  <Object
    Path="D:\LABA1\LABA_1_true\Logical\Libraries\astime\astime.var"
    LogicalPath="Libraries.astime.astime.var"
    Type="File"
    LastWriteTime="132125145820000000"
    Private="false" />
  <Object
    Path="D:\LABA1\LABA_1_true\Logical\Libraries\AsIecCon\binary.lby"
    LogicalPath="Libraries.AsIecCon"
    Type="Library"
    LastWriteTime="132125145820000000" />
  <Object
    Path="D:\LABA1\LABA_1_true\Logical\Libraries\AsIecCon\AsIecCon.fun"
    LogicalPath="Libraries.AsIecCon.AsIecCon.fun"
    Type="File"
    LastWriteTime="132125145820000000"
    Private="false" />
  <Object
    Path="D:\LABA1\LABA_1_true\Logical\Libraries\AsIecCon\AsIecCon.typ"
    LogicalPath="Libraries.AsIecCon.AsIecCon.typ"
    Type="File"
    LastWriteTime="132125145820000000"
    Private="false" />
  <Object
    Path="D:\LABA1\LABA_1_true\Logical\Libraries\AsIecCon\AsIecCon.var"
    LogicalPath="Libraries.AsIecCon.AsIecCon.var"
    Type="File"
    LastWriteTime="132125145820000000"
    Private="false" />
  <Object
    Path="D:\LABA1\LABA_1_true\Logical\Libraries\Library\ANSIC.lby"
    LogicalPath="Libraries.Library"
    Type="Library"
    LastWriteTime="132125156140000000" />
  <Object
    Path="D:\LABA1\LABA_1_true\Logical\Libraries\Library\Types.typ"
    LogicalPath="Libraries.Library.Types.typ"
    Type="File"
    LastWriteTime="132125148420000000"
    Private="false" />
  <Object
    Path="D:\LABA1\LABA_1_true\Logical\Libraries\Library\Constants.var"
    LogicalPath="Libraries.Library.Constants.var"
    Type="File"
    LastWriteTime="132125148420000000"
    Private="false" />
  <Object
    Path="D:\LABA1\LABA_1_true\Logical\Libraries\Library\Library.fun"
    LogicalPath="Libraries.Library.Library.fun"
    Type="File"
    LastWriteTime="132125164220000000"
    Private="false" />
  <Object
    Path="D:\LABA1\LABA_1_true\Logical\Libraries\Library\FB_Integrator.c"
    LogicalPath="Libraries.Library.FB_Integrator.c"
    Type="File"
    LastWriteTime="132125162740000000"
    Private="false" />
  <Object
    Path="D:\LABA1\LABA_1_true\Logical\Libraries\Library\FB_Motor.c"
    LogicalPath="Libraries.Library.FB_Motor.c"
    Type="File"
    LastWriteTime="132125162740000000"
    Private="false" />
  <Object
    Path="D:\LABA1\LABA_1_true\Logical\Libraries\Library\FB_Regulator.c"
    LogicalPath="Libraries.Library.FB_Regulator.c"
    Type="File"
    LastWriteTime="132125165320000000"
    Private="false" />
  <Object
    Path="D:\LABA1\LABA_1_true\Logical\Libraries\Program\ANSIC.prg"
    LogicalPath="Libraries.Program"
    Type="Program"
    LastWriteTime="132125148500000000" />
  <Object
    Path="D:\LABA1\LABA_1_true\Logical\Libraries\Program\Cyclic.c"
    LogicalPath="Libraries.Program.Cyclic.c"
    Type="File"
    LastWriteTime="132125162740000000"
    Private="false" />
  <Object
    Path="D:\LABA1\LABA_1_true\Logical\Libraries\Program\Init.c"
    LogicalPath="Libraries.Program.Init.c"
    Type="File"
    LastWriteTime="132125165320000000"
    Private="false" />
  <Object
    Path="D:\LABA1\LABA_1_true\Logical\Libraries\Program\Exit.c"
    LogicalPath="Libraries.Program.Exit.c"
    Type="File"
    LastWriteTime="132125148500000000"
    Private="false" />
  <Object
    Path="D:\LABA1\LABA_1_true\Logical\Libraries\Program\Types.typ"
    LogicalPath="Libraries.Program.Types.typ"
    Type="File"
    LastWriteTime="132125148500000000"
    Private="true" />
  <Object
    Path="D:\LABA1\LABA_1_true\Logical\Libraries\Program\Variables.var"
    LogicalPath="Libraries.Program.Variables.var"
    Type="File"
    LastWriteTime="132125149800000000"
    Private="true" />
  <Object
    Path="D:\LABA1\LABA_1_true\Physical\Config1\Config.pkg"
    LogicalPath="Config1"
    Type="Configuration.ParentUnknown"
    LastWriteTime="132125145940000000" />
  <Object
    Path="D:\LABA1\LABA_1_true\Physical\Config1\Hardware.hw"
    LogicalPath="Config1.Hardware.hw"
    Type="File"
    LastWriteTime="132125148300000000"
    Private="false" />
  <Object
    Path="D:\LABA1\LABA_1_true\Physical\Config1\Hardware.hwl"
    LogicalPath="Config1.Hardware.hwl"
    Type="File"
    LastWriteTime="131865063240000000"
    Private="false" />
  <Object
    Path="D:\LABA1\LABA_1_true\Physical\Config1\4PP065_0571_P74\Cpu.pkg"
    LogicalPath="Config1.4PP065_0571_P74"
    Type="Cpu"
    LastWriteTime="132125145900000000" />
  <Object
    Path="D:\LABA1\LABA_1_true\Physical\Config1\4PP065_0571_P74\Cpu.sw"
    LogicalPath="Config1.4PP065_0571_P74.Cpu.sw"
    Type="File"
    LastWriteTime="132125148500000000"
    Private="false" />
  <Object
    Path="D:\LABA1\LABA_1_true\Physical\Config1\4PP065_0571_P74\Cpu.per"
    LogicalPath="Config1.4PP065_0571_P74.Cpu.per"
    Type="File"
    LastWriteTime="132125145840000000"
    Private="false" />
  <Object
    Path="D:\LABA1\LABA_1_true\Physical\Config1\4PP065_0571_P74\IoMap.iom"
    LogicalPath="Config1.4PP065_0571_P74.IoMap.iom"
    Type="File"
    LastWriteTime="132125145860000000"
    Private="false" />
  <Object
    Path="D:\LABA1\LABA_1_true\Physical\Config1\4PP065_0571_P74\PvMap.vvm"
    LogicalPath="Config1.4PP065_0571_P74.PvMap.vvm"
    Type="File"
    LastWriteTime="132125145860000000"
    Private="false" />
  <Object
    Path="D:\LABA1\LABA_1_true\Physical\Config1\4PP065_0571_P74\Connectivity\Package.pkg"
    LogicalPath="Config1.4PP065_0571_P74.Connectivity"
    Type="Package"
    LastWriteTime="132125145860000000" />
  <Object
    Path="D:\LABA1\LABA_1_true\Physical\Config1\4PP065_0571_P74\Connectivity\OpcUA\Package.pkg"
    LogicalPath="Config1.4PP065_0571_P74.Connectivity.OpcUA"
    Type="Package"
    LastWriteTime="132125145860000000" />
  <Object
    Path="D:\LABA1\LABA_1_true\Physical\Config1\4PP065_0571_P74\TextSystem\Package.pkg"
    LogicalPath="Config1.4PP065_0571_P74.TextSystem"
    Type="Package"
    LastWriteTime="132125145860000000" />
  <Object
    Path="D:\LABA1\LABA_1_true\Physical\Config1\4PP065_0571_P74\UnitSystem\Package.pkg"
    LogicalPath="Config1.4PP065_0571_P74.UnitSystem"
    Type="Package"
    LastWriteTime="132125145880000000" />
  <Object
    Path="D:\LABA1\LABA_1_true\Physical\Config1\4PP065_0571_P74\AccessAndSecurity\Package.pkg"
    LogicalPath="Config1.4PP065_0571_P74.AccessAndSecurity"
    Type="Package"
    LastWriteTime="132125145880000000" />
  <Object
    Path="D:\LABA1\LABA_1_true\Physical\Config1\4PP065_0571_P74\AccessAndSecurity\UserRoleSystem\Package.pkg"
    LogicalPath="Config1.4PP065_0571_P74.AccessAndSecurity.UserRoleSystem"
    Type="Package"
    LastWriteTime="132125145880000000" />
  <Object
    Path="D:\LABA1\LABA_1_true\Physical\Config1\4PP065_0571_P74\AccessAndSecurity\UserRoleSystem\Role.role"
    LogicalPath="Config1.4PP065_0571_P74.AccessAndSecurity.UserRoleSystem.Role.role"
    Type="File"
    LastWriteTime="132125145880000000"
    Private="false" />
  <Object
    Path="D:\LABA1\LABA_1_true\Physical\Config1\4PP065_0571_P74\AccessAndSecurity\UserRoleSystem\User.user"
    LogicalPath="Config1.4PP065_0571_P74.AccessAndSecurity.UserRoleSystem.User.user"
    Type="File"
    LastWriteTime="132125145880000000"
    Private="false" />
  <Object
    Path="D:\LABA1\LABA_1_true\Physical\Config1\4PP065_0571_P74\AccessAndSecurity\CertificateStore\Package.pkg"
    LogicalPath="Config1.4PP065_0571_P74.AccessAndSecurity.CertificateStore"
    Type="Package"
    LastWriteTime="132125145880000000" />
  <Object
    Path="D:\LABA1\LABA_1_true\Physical\Config1\4PP065_0571_P74\AccessAndSecurity\CertificateStore\OwnCertificates\Package.pkg"
    LogicalPath="Config1.4PP065_0571_P74.AccessAndSecurity.CertificateStore.OwnCertificates"
    Type="Package"
    LastWriteTime="132125145880000000" />
  <Object
    Path="D:\LABA1\LABA_1_true\Physical\Config1\4PP065_0571_P74\AccessAndSecurity\CertificateStore\OwnCertificates\Certificates\Package.pkg"
    LogicalPath="Config1.4PP065_0571_P74.AccessAndSecurity.CertificateStore.OwnCertificates.Certificates"
    Type="Package"
    LastWriteTime="132125145880000000" />
  <Object
    Path="D:\LABA1\LABA_1_true\Physical\Config1\4PP065_0571_P74\AccessAndSecurity\CertificateStore\OwnCertificates\PrivateKeys\Package.pkg"
    LogicalPath="Config1.4PP065_0571_P74.AccessAndSecurity.CertificateStore.OwnCertificates.PrivateKeys"
    Type="Package"
    LastWriteTime="132125145880000000" />
  <Object
    Path="D:\LABA1\LABA_1_true\Physical\Config1\4PP065_0571_P74\AccessAndSecurity\CertificateStore\ThirdPartyCertificates\Package.pkg"
    LogicalPath="Config1.4PP065_0571_P74.AccessAndSecurity.CertificateStore.ThirdPartyCertificates"
    Type="Package"
    LastWriteTime="132125145880000000" />
  <Object
    Path="D:\LABA1\LABA_1_true\Physical\Config1\4PP065_0571_P74\AccessAndSecurity\CertificateStore\ThirdPartyCertificates\SoftwareCertificates\Package.pkg"
    LogicalPath="Config1.4PP065_0571_P74.AccessAndSecurity.CertificateStore.ThirdPartyCertificates.SoftwareCertificates"
    Type="Package"
    LastWriteTime="132125145880000000" />
  <Object
    Path="D:\LABA1\LABA_1_true\Physical\Config1\4PP065_0571_P74\AccessAndSecurity\CertificateStore\CertificateRevocationLists\Package.pkg"
    LogicalPath="Config1.4PP065_0571_P74.AccessAndSecurity.CertificateStore.CertificateRevocationLists"
    Type="Package"
    LastWriteTime="132125145880000000" />
  <Object
    Path="D:\LABA1\LABA_1_true\Physical\Config1\4PP065_0571_P74\AccessAndSecurity\CertificateStore\CertificateSigningRequests\Package.pkg"
    LogicalPath="Config1.4PP065_0571_P74.AccessAndSecurity.CertificateStore.CertificateSigningRequests"
    Type="Package"
    LastWriteTime="132125145880000000" />
  <Object
    Path="D:\LABA1\LABA_1_true\Physical\Config1\4PP065_0571_P74\AccessAndSecurity\TransportLayerSecurity\Package.pkg"
    LogicalPath="Config1.4PP065_0571_P74.AccessAndSecurity.TransportLayerSecurity"
    Type="Package"
    LastWriteTime="132125145880000000" />
  <Object
    Path="D:\LABA1\LABA_1_true\Physical\Config1\4PP065_0571_P74\mappControl\Package.pkg"
    LogicalPath="Config1.4PP065_0571_P74.mappControl"
    Type="Package"
    LastWriteTime="132125145880000000" />
  <Object
    Path="D:\LABA1\LABA_1_true\Physical\Config1\4PP065_0571_P74\mappMotion\Package.pkg"
    LogicalPath="Config1.4PP065_0571_P74.mappMotion"
    Type="Package"
    LastWriteTime="132125145900000000" />
  <Object
    Path="D:\LABA1\LABA_1_true\Physical\Config1\4PP065_0571_P74\mappServices\Package.pkg"
    LogicalPath="Config1.4PP065_0571_P74.mappServices"
    Type="Package"
    LastWriteTime="132125145900000000" />
  <Object
    Path="D:\LABA1\LABA_1_true\Physical\Config1\4PP065_0571_P74\mappView\Package.pkg"
    LogicalPath="Config1.4PP065_0571_P74.mappView"
    Type="Package"
    LastWriteTime="132125145900000000" />
  <Object
    Path="D:\LABA1\LABA_1_true\Physical\Config1\4PP065_0571_P74\mappCockpit\Package.pkg"
    LogicalPath="Config1.4PP065_0571_P74.mappCockpit"
    Type="Package"
    LastWriteTime="132125145900000000" />
  <Object
    Path="D:\LABA1\LABA_1_true\Physical\Config1\Hardware.jpg"
    LogicalPath="Config1.Hardware.jpg"
    Type="File"
    LastWriteTime="132125165320000000"
    Private="false" />
</Objects>